[31-Jan-2018 22:23:38 Asia/Tokyo] PHP Parse error:  syntax error, unexpected 'public' (T_PUBLIC) in /home/ubuntu/workspace/monolist/app/Http/Controllers/ItemsController.php on line 64
[31-Jan-2018 22:23:38 Asia/Tokyo] PHP Stack trace:
[31-Jan-2018 22:23:38 Asia/Tokyo] PHP   1. {main}() /home/ubuntu/workspace/monolist/server.php:0
[31-Jan-2018 22:23:38 Asia/Tokyo] PHP   2. require_once() /home/ubuntu/workspace/monolist/server.php:21
[31-Jan-2018 22:23:38 Asia/Tokyo] PHP   3. Illuminate\Foundation\Http\Kernel->handle() /home/ubuntu/workspace/monolist/public/index.php:54
[31-Jan-2018 22:23:38 Asia/Tokyo] PHP   4. Illuminate\Foundation\Http\Kernel->sendRequestThroughRouter() /home/ubuntu/workspace/monolist/vendor/laravel/framework/src/Illuminate/Foundation/Http/Kernel.php:87
[31-Jan-2018 22:23:38 Asia/Tokyo] PHP   5. Illuminate\Pipeline\Pipeline->then() /home/ubuntu/workspace/monolist/vendor/laravel/framework/src/Illuminate/Foundation/Http/Kernel.php:122
[31-Jan-2018 22:23:38 Asia/Tokyo] PHP   6. call_user_func:{/home/ubuntu/workspace/monolist/vendor/laravel/framework/src/Illuminate/Pipeline/Pipeline.php:103}() /home/ubuntu/workspace/monolist/vendor/laravel/framework/src/Illuminate/Pipeline/Pipeline.php:103
[31-Jan-2018 22:23:38 Asia/Tokyo] PHP   7. Illuminate\Pipeline\Pipeline->Illuminate\Pipeline\{closure}() /home/ubuntu/workspace/monolist/vendor/laravel/framework/src/Illuminate/Pipeline/Pipeline.php:103
[31-Jan-2018 22:23:38 Asia/Tokyo] PHP   8. call_user_func_array:{/home/ubuntu/workspace/monolist/vendor/laravel/framework/src/Illuminate/Pipeline/Pipeline.php:124}() /home/ubuntu/workspace/monolist/vendor/laravel/framework/src/Illuminate/Pipeline/Pipeline.php:124
[31-Jan-2018 22:23:38 Asia/Tokyo] PHP   9. Illuminate\Foundation\Http\Middleware\CheckForMaintenanceMode->handle() /home/ubuntu/workspace/monolist/vendor/laravel/framework/src/Illuminate/Pipeline/Pipeline.php:124
[31-Jan-2018 22:23:38 Asia/Tokyo] PHP  10. Illuminate\Pipeline\Pipeline->Illuminate\Pipeline\{closure}() /home/ubuntu/workspace/monolist/vendor/laravel/framework/src/Illuminate/Foundation/Http/Middleware/CheckForMaintenanceMode.php:44
[31-Jan-2018 22:23:38 Asia/Tokyo] PHP  11. call_user_func_array:{/home/ubuntu/workspace/monolist/vendor/laravel/framework/src/Illuminate/Pipeline/Pipeline.php:124}() /home/ubuntu/workspace/monolist/vendor/laravel/framework/src/Illuminate/Pipeline/Pipeline.php:124
[31-Jan-2018 22:23:38 Asia/Tokyo] PHP  12. Illuminate\Cookie\Middleware\EncryptCookies->handle() /home/ubuntu/workspace/monolist/vendor/laravel/framework/src/Illuminate/Pipeline/Pipeline.php:124
[31-Jan-2018 22:23:38 Asia/Tokyo] PHP  13. Illuminate\Pipeline\Pipeline->Illuminate\Pipeline\{closure}() /home/ubuntu/workspace/monolist/vendor/laravel/framework/src/Illuminate/Cookie/Middleware/EncryptCookies.php:59
[31-Jan-2018 22:23:38 Asia/Tokyo] PHP  14. call_user_func_array:{/home/ubuntu/workspace/monolist/vendor/laravel/framework/src/Illuminate/Pipeline/Pipeline.php:124}() /home/ubuntu/workspace/monolist/vendor/laravel/framework/src/Illuminate/Pipeline/Pipeline.php:124
[31-Jan-2018 22:23:38 Asia/Tokyo] PHP  15. Illuminate\Cookie\Middleware\AddQueuedCookiesToResponse->handle() /home/ubuntu/workspace/monolist/vendor/laravel/framework/src/Illuminate/Pipeline/Pipeline.php:124
[31-Jan-2018 22:23:38 Asia/Tokyo] PHP  16. Illuminate\Pipeline\Pipeline->Illuminate\Pipeline\{closure}() /home/ubuntu/workspace/monolist/vendor/laravel/framework/src/Illuminate/Cookie/Middleware/AddQueuedCookiesToResponse.php:37
[31-Jan-2018 22:23:38 Asia/Tokyo] PHP  17. call_user_func_array:{/home/ubuntu/workspace/monolist/vendor/laravel/framework/src/Illuminate/Pipeline/Pipeline.php:124}() /home/ubuntu/workspace/monolist/vendor/laravel/framework/src/Illuminate/Pipeline/Pipeline.php:124
[31-Jan-2018 22:23:38 Asia/Tokyo] PHP  18. Illuminate\Session\Middleware\StartSession->handle() /home/ubuntu/workspace/monolist/vendor/laravel/framework/src/Illuminate/Pipeline/Pipeline.php:124
[31-Jan-2018 22:23:38 Asia/Tokyo] PHP  19. Illuminate\Pipeline\Pipeline->Illuminate\Pipeline\{closure}() /home/ubuntu/workspace/monolist/vendor/laravel/framework/src/Illuminate/Session/Middleware/StartSession.php:62
[31-Jan-2018 22:23:38 Asia/Tokyo] PHP  20. call_user_func_array:{/home/ubuntu/workspace/monolist/vendor/laravel/framework/src/Illuminate/Pipeline/Pipeline.php:124}() /home/ubuntu/workspace/monolist/vendor/laravel/framework/src/Illuminate/Pipeline/Pipeline.php:124
[31-Jan-2018 22:23:38 Asia/Tokyo] PHP  21. Illuminate\View\Middleware\ShareErrorsFromSession->handle() /home/ubuntu/workspace/monolist/vendor/laravel/framework/src/Illuminate/Pipeline/Pipeline.php:124
[31-Jan-2018 22:23:38 Asia/Tokyo] PHP  22. Illuminate\Pipeline\Pipeline->Illuminate\Pipeline\{closure}() /home/ubuntu/workspace/monolist/vendor/laravel/framework/src/Illuminate/View/Middleware/ShareErrorsFromSession.php:49
[31-Jan-2018 22:23:38 Asia/Tokyo] PHP  23. call_user_func_array:{/home/ubuntu/workspace/monolist/vendor/laravel/framework/src/Illuminate/Pipeline/Pipeline.php:124}() /home/ubuntu/workspace/monolist/vendor/laravel/framework/src/Illuminate/Pipeline/Pipeline.php:124
[31-Jan-2018 22:23:38 Asia/Tokyo] PHP  24. Illuminate\Foundation\Http\Middleware\VerifyCsrfToken->handle() /home/ubuntu/workspace/monolist/vendor/laravel/framework/src/Illuminate/Pipeline/Pipeline.php:124
[31-Jan-2018 22:23:38 Asia/Tokyo] PHP  25. Illuminate\Pipeline\Pipeline->Illuminate\Pipeline\{closure}() /home/ubuntu/workspace/monolist/vendor/laravel/framework/src/Illuminate/Foundation/Http/Middleware/VerifyCsrfToken.php:50
[31-Jan-2018 22:23:38 Asia/Tokyo] PHP  26. call_user_func:{/home/ubuntu/workspace/monolist/vendor/laravel/framework/src/Illuminate/Pipeline/Pipeline.php:139}() /home/ubuntu/workspace/monolist/vendor/laravel/framework/src/Illuminate/Pipeline/Pipeline.php:139
[31-Jan-2018 22:23:38 Asia/Tokyo] PHP  27. Illuminate\Foundation\Http\Kernel->Illuminate\Foundation\Http\{closure}() /home/ubuntu/workspace/monolist/vendor/laravel/framework/src/Illuminate/Pipeline/Pipeline.php:139
[31-Jan-2018 22:23:38 Asia/Tokyo] PHP  28. Illuminate\Routing\Router->dispatch() /home/ubuntu/workspace/monolist/vendor/laravel/framework/src/Illuminate/Foundation/Http/Kernel.php:236
[31-Jan-2018 22:23:38 Asia/Tokyo] PHP  29. Illuminate\Routing\Router->dispatchToRoute() /home/ubuntu/workspace/monolist/vendor/laravel/framework/src/Illuminate/Routing/Router.php:635
[31-Jan-2018 22:23:38 Asia/Tokyo] PHP  30. Illuminate\Routing\Router->runRouteWithinStack() /home/ubuntu/workspace/monolist/vendor/laravel/framework/src/Illuminate/Routing/Router.php:675
[31-Jan-2018 22:23:38 Asia/Tokyo] PHP  31. Illuminate\Pipeline\Pipeline->then() /home/ubuntu/workspace/monolist/vendor/laravel/framework/src/Illuminate/Routing/Router.php:710
[31-Jan-2018 22:23:38 Asia/Tokyo] PHP  32. call_user_func:{/home/ubuntu/workspace/monolist/vendor/laravel/framework/src/Illuminate/Pipeline/Pipeline.php:103}() /home/ubuntu/workspace/monolist/vendor/laravel/framework/src/Illuminate/Pipeline/Pipeline.php:103
[31-Jan-2018 22:23:38 Asia/Tokyo] PHP  33. Illuminate\Pipeline\Pipeline->Illuminate\Pipeline\{closure}() /home/ubuntu/workspace/monolist/vendor/laravel/framework/src/Illuminate/Pipeline/Pipeline.php:103
[31-Jan-2018 22:23:38 Asia/Tokyo] PHP  34. call_user_func_array:{/home/ubuntu/workspace/monolist/vendor/laravel/framework/src/Illuminate/Pipeline/Pipeline.php:124}() /home/ubuntu/workspace/monolist/vendor/laravel/framework/src/Illuminate/Pipeline/Pipeline.php:124
[31-Jan-2018 22:23:38 Asia/Tokyo] PHP  35. App\Http\Middleware\Authenticate->handle() /home/ubuntu/workspace/monolist/vendor/laravel/framework/src/Illuminate/Pipeline/Pipeline.php:124
[31-Jan-2018 22:23:38 Asia/Tokyo] PHP  36. Illuminate\Pipeline\Pipeline->Illuminate\Pipeline\{closure}() /home/ubuntu/workspace/monolist/app/Http/Middleware/Authenticate.php:45
[31-Jan-2018 22:23:38 Asia/Tokyo] PHP  37. call_user_func:{/home/ubuntu/workspace/monolist/vendor/laravel/framework/src/Illuminate/Pipeline/Pipeline.php:139}() /home/ubuntu/workspace/monolist/vendor/laravel/framework/src/Illuminate/Pipeline/Pipeline.php:139
[31-Jan-2018 22:23:38 Asia/Tokyo] PHP  38. Illuminate\Routing\Router->Illuminate\Routing\{closure}() /home/ubuntu/workspace/monolist/vendor/laravel/framework/src/Illuminate/Pipeline/Pipeline.php:139
[31-Jan-2018 22:23:38 Asia/Tokyo] PHP  39. Illuminate\Routing\Route->run() /home/ubuntu/workspace/monolist/vendor/laravel/framework/src/Illuminate/Routing/Router.php:708
[31-Jan-2018 22:23:38 Asia/Tokyo] PHP  40. Illuminate\Routing\Route->runWithCustomDispatcher() /home/ubuntu/workspace/monolist/vendor/laravel/framework/src/Illuminate/Routing/Route.php:134
[31-Jan-2018 22:23:38 Asia/Tokyo] PHP  41. Illuminate\Routing\ControllerDispatcher->dispatch() /home/ubuntu/workspace/monolist/vendor/laravel/framework/src/Illuminate/Routing/Route.php:203
[31-Jan-2018 22:23:38 Asia/Tokyo] PHP  42. Illuminate\Routing\ControllerDispatcher->makeController() /home/ubuntu/workspace/monolist/vendor/laravel/framework/src/Illuminate/Routing/ControllerDispatcher.php:57
[31-Jan-2018 22:23:38 Asia/Tokyo] PHP  43. Illuminate\Foundation\Application->make() /home/ubuntu/workspace/monolist/vendor/laravel/framework/src/Illuminate/Routing/ControllerDispatcher.php:85
[31-Jan-2018 22:23:38 Asia/Tokyo] PHP  44. Illuminate\Container\Container->make() /home/ubuntu/workspace/monolist/vendor/laravel/framework/src/Illuminate/Foundation/Application.php:674
[31-Jan-2018 22:23:38 Asia/Tokyo] PHP  45. Illuminate\Container\Container->build() /home/ubuntu/workspace/monolist/vendor/laravel/framework/src/Illuminate/Container/Container.php:631
[31-Jan-2018 22:23:38 Asia/Tokyo] PHP  46. ReflectionClass->__construct() /home/ubuntu/workspace/monolist/vendor/laravel/framework/src/Illuminate/Container/Container.php:741
[31-Jan-2018 22:23:38 Asia/Tokyo] PHP  47. spl_autoload_call() /home/ubuntu/workspace/monolist/vendor/laravel/framework/src/Illuminate/Container/Container.php:741
[31-Jan-2018 22:23:38 Asia/Tokyo] PHP  48. Composer\Autoload\ClassLoader->loadClass() /home/ubuntu/workspace/monolist/vendor/laravel/framework/src/Illuminate/Container/Container.php:741
[31-Jan-2018 22:23:38 Asia/Tokyo] PHP  49. Composer\Autoload\includeFile() /home/ubuntu/workspace/monolist/vendor/composer/ClassLoader.php:322
[01-Feb-2018 00:59:42 Asia/Tokyo] PHP Parse error:  syntax error, unexpected ':', expecting '(' in /home/ubuntu/workspace/monolist/storage/framework/views/44972a6c400b1b547d0b6f8106702a15 on line 1
[01-Feb-2018 00:59:42 Asia/Tokyo] PHP Stack trace:
[01-Feb-2018 00:59:42 Asia/Tokyo] PHP   1. {main}() /home/ubuntu/workspace/monolist/server.php:0
[01-Feb-2018 00:59:42 Asia/Tokyo] PHP   2. require_once() /home/ubuntu/workspace/monolist/server.php:21
[01-Feb-2018 00:59:42 Asia/Tokyo] PHP   3. Illuminate\Foundation\Http\Kernel->handle() /home/ubuntu/workspace/monolist/public/index.php:54
[01-Feb-2018 00:59:42 Asia/Tokyo] PHP   4. Illuminate\Foundation\Http\Kernel->sendRequestThroughRouter() /home/ubuntu/workspace/monolist/vendor/laravel/framework/src/Illuminate/Foundation/Http/Kernel.php:87
[01-Feb-2018 00:59:42 Asia/Tokyo] PHP   5. Illuminate\Pipeline\Pipeline->then() /home/ubuntu/workspace/monolist/vendor/laravel/framework/src/Illuminate/Foundation/Http/Kernel.php:122
[01-Feb-2018 00:59:42 Asia/Tokyo] PHP   6. call_user_func:{/home/ubuntu/workspace/monolist/vendor/laravel/framework/src/Illuminate/Pipeline/Pipeline.php:103}() /home/ubuntu/workspace/monolist/vendor/laravel/framework/src/Illuminate/Pipeline/Pipeline.php:103
[01-Feb-2018 00:59:42 Asia/Tokyo] PHP   7. Illuminate\Pipeline\Pipeline->Illuminate\Pipeline\{closure}() /home/ubuntu/workspace/monolist/vendor/laravel/framework/src/Illuminate/Pipeline/Pipeline.php:103
[01-Feb-2018 00:59:42 Asia/Tokyo] PHP   8. call_user_func_array:{/home/ubuntu/workspace/monolist/vendor/laravel/framework/src/Illuminate/Pipeline/Pipeline.php:124}() /home/ubuntu/workspace/monolist/vendor/laravel/framework/src/Illuminate/Pipeline/Pipeline.php:124
[01-Feb-2018 00:59:42 Asia/Tokyo] PHP   9. Illuminate\Foundation\Http\Middleware\CheckForMaintenanceMode->handle() /home/ubuntu/workspace/monolist/vendor/laravel/framework/src/Illuminate/Pipeline/Pipeline.php:124
[01-Feb-2018 00:59:42 Asia/Tokyo] PHP  10. Illuminate\Pipeline\Pipeline->Illuminate\Pipeline\{closure}() /home/ubuntu/workspace/monolist/vendor/laravel/framework/src/Illuminate/Foundation/Http/Middleware/CheckForMaintenanceMode.php:44
[01-Feb-2018 00:59:42 Asia/Tokyo] PHP  11. call_user_func_array:{/home/ubuntu/workspace/monolist/vendor/laravel/framework/src/Illuminate/Pipeline/Pipeline.php:124}() /home/ubuntu/workspace/monolist/vendor/laravel/framework/src/Illuminate/Pipeline/Pipeline.php:124
[01-Feb-2018 00:59:42 Asia/Tokyo] PHP  12. Illuminate\Cookie\Middleware\EncryptCookies->handle() /home/ubuntu/workspace/monolist/vendor/laravel/framework/src/Illuminate/Pipeline/Pipeline.php:124
[01-Feb-2018 00:59:42 Asia/Tokyo] PHP  13. Illuminate\Pipeline\Pipeline->Illuminate\Pipeline\{closure}() /home/ubuntu/workspace/monolist/vendor/laravel/framework/src/Illuminate/Cookie/Middleware/EncryptCookies.php:59
[01-Feb-2018 00:59:42 Asia/Tokyo] PHP  14. call_user_func_array:{/home/ubuntu/workspace/monolist/vendor/laravel/framework/src/Illuminate/Pipeline/Pipeline.php:124}() /home/ubuntu/workspace/monolist/vendor/laravel/framework/src/Illuminate/Pipeline/Pipeline.php:124
[01-Feb-2018 00:59:42 Asia/Tokyo] PHP  15. Illuminate\Cookie\Middleware\AddQueuedCookiesToResponse->handle() /home/ubuntu/workspace/monolist/vendor/laravel/framework/src/Illuminate/Pipeline/Pipeline.php:124
[01-Feb-2018 00:59:42 Asia/Tokyo] PHP  16. Illuminate\Pipeline\Pipeline->Illuminate\Pipeline\{closure}() /home/ubuntu/workspace/monolist/vendor/laravel/framework/src/Illuminate/Cookie/Middleware/AddQueuedCookiesToResponse.php:37
[01-Feb-2018 00:59:42 Asia/Tokyo] PHP  17. call_user_func_array:{/home/ubuntu/workspace/monolist/vendor/laravel/framework/src/Illuminate/Pipeline/Pipeline.php:124}() /home/ubuntu/workspace/monolist/vendor/laravel/framework/src/Illuminate/Pipeline/Pipeline.php:124
[01-Feb-2018 00:59:42 Asia/Tokyo] PHP  18. Illuminate\Session\Middleware\StartSession->handle() /home/ubuntu/workspace/monolist/vendor/laravel/framework/src/Illuminate/Pipeline/Pipeline.php:124
[01-Feb-2018 00:59:42 Asia/Tokyo] PHP  19. Illuminate\Pipeline\Pipeline->Illuminate\Pipeline\{closure}() /home/ubuntu/workspace/monolist/vendor/laravel/framework/src/Illuminate/Session/Middleware/StartSession.php:62
[01-Feb-2018 00:59:42 Asia/Tokyo] PHP  20. call_user_func_array:{/home/ubuntu/workspace/monolist/vendor/laravel/framework/src/Illuminate/Pipeline/Pipeline.php:124}() /home/ubuntu/workspace/monolist/vendor/laravel/framework/src/Illuminate/Pipeline/Pipeline.php:124
[01-Feb-2018 00:59:42 Asia/Tokyo] PHP  21. Illuminate\View\Middleware\ShareErrorsFromSession->handle() /home/ubuntu/workspace/monolist/vendor/laravel/framework/src/Illuminate/Pipeline/Pipeline.php:124
[01-Feb-2018 00:59:42 Asia/Tokyo] PHP  22. Illuminate\Pipeline\Pipeline->Illuminate\Pipeline\{closure}() /home/ubuntu/workspace/monolist/vendor/laravel/framework/src/Illuminate/View/Middleware/ShareErrorsFromSession.php:49
[01-Feb-2018 00:59:42 Asia/Tokyo] PHP  23. call_user_func_array:{/home/ubuntu/workspace/monolist/vendor/laravel/framework/src/Illuminate/Pipeline/Pipeline.php:124}() /home/ubuntu/workspace/monolist/vendor/laravel/framework/src/Illuminate/Pipeline/Pipeline.php:124
[01-Feb-2018 00:59:42 Asia/Tokyo] PHP  24. Illuminate\Foundation\Http\Middleware\VerifyCsrfToken->handle() /home/ubuntu/workspace/monolist/vendor/laravel/framework/src/Illuminate/Pipeline/Pipeline.php:124
[01-Feb-2018 00:59:42 Asia/Tokyo] PHP  25. Illuminate\Pipeline\Pipeline->Illuminate\Pipeline\{closure}() /home/ubuntu/workspace/monolist/vendor/laravel/framework/src/Illuminate/Foundation/Http/Middleware/VerifyCsrfToken.php:50
[01-Feb-2018 00:59:42 Asia/Tokyo] PHP  26. call_user_func:{/home/ubuntu/workspace/monolist/vendor/laravel/framework/src/Illuminate/Pipeline/Pipeline.php:139}() /home/ubuntu/workspace/monolist/vendor/laravel/framework/src/Illuminate/Pipeline/Pipeline.php:139
[01-Feb-2018 00:59:42 Asia/Tokyo] PHP  27. Illuminate\Foundation\Http\Kernel->Illuminate\Foundation\Http\{closure}() /home/ubuntu/workspace/monolist/vendor/laravel/framework/src/Illuminate/Pipeline/Pipeline.php:139
[01-Feb-2018 00:59:42 Asia/Tokyo] PHP  28. Illuminate\Routing\Router->dispatch() /home/ubuntu/workspace/monolist/vendor/laravel/framework/src/Illuminate/Foundation/Http/Kernel.php:236
[01-Feb-2018 00:59:42 Asia/Tokyo] PHP  29. Illuminate\Routing\Router->dispatchToRoute() /home/ubuntu/workspace/monolist/vendor/laravel/framework/src/Illuminate/Routing/Router.php:635
[01-Feb-2018 00:59:42 Asia/Tokyo] PHP  30. Illuminate\Routing\Router->runRouteWithinStack() /home/ubuntu/workspace/monolist/vendor/laravel/framework/src/Illuminate/Routing/Router.php:675
[01-Feb-2018 00:59:42 Asia/Tokyo] PHP  31. Illuminate\Pipeline\Pipeline->then() /home/ubuntu/workspace/monolist/vendor/laravel/framework/src/Illuminate/Routing/Router.php:710
[01-Feb-2018 00:59:42 Asia/Tokyo] PHP  32. call_user_func:{/home/ubuntu/workspace/monolist/vendor/laravel/framework/src/Illuminate/Pipeline/Pipeline.php:103}() /home/ubuntu/workspace/monolist/vendor/laravel/framework/src/Illuminate/Pipeline/Pipeline.php:103
[01-Feb-2018 00:59:42 Asia/Tokyo] PHP  33. Illuminate\Pipeline\Pipeline->Illuminate\Pipeline\{closure}() /home/ubuntu/workspace/monolist/vendor/laravel/framework/src/Illuminate/Pipeline/Pipeline.php:103
[01-Feb-2018 00:59:42 Asia/Tokyo] PHP  34. call_user_func:{/home/ubuntu/workspace/monolist/vendor/laravel/framework/src/Illuminate/Pipeline/Pipeline.php:139}() /home/ubuntu/workspace/monolist/vendor/laravel/framework/src/Illuminate/Pipeline/Pipeline.php:139
[01-Feb-2018 00:59:42 Asia/Tokyo] PHP  35. Illuminate\Routing\Router->Illuminate\Routing\{closure}() /home/ubuntu/workspace/monolist/vendor/laravel/framework/src/Illuminate/Pipeline/Pipeline.php:139
[01-Feb-2018 00:59:42 Asia/Tokyo] PHP  36. Illuminate\Routing\Router->prepareResponse() /home/ubuntu/workspace/monolist/vendor/laravel/framework/src/Illuminate/Routing/Router.php:709
[01-Feb-2018 00:59:42 Asia/Tokyo] PHP  37. Symfony\Component\HttpFoundation\Response->__construct() /home/ubuntu/workspace/monolist/vendor/laravel/framework/src/Illuminate/Routing/Router.php:1229
[01-Feb-2018 00:59:42 Asia/Tokyo] PHP  38. Illuminate\Http\Response->setContent() /home/ubuntu/workspace/monolist/vendor/symfony/http-foundation/Response.php:201
[01-Feb-2018 00:59:42 Asia/Tokyo] PHP  39. Illuminate\View\View->render() /home/ubuntu/workspace/monolist/vendor/laravel/framework/src/Illuminate/Http/Response.php:51
[01-Feb-2018 00:59:42 Asia/Tokyo] PHP  40. Illuminate\View\View->renderContents() /home/ubuntu/workspace/monolist/vendor/laravel/framework/src/Illuminate/View/View.php:83
[01-Feb-2018 00:59:42 Asia/Tokyo] PHP  41. Illuminate\View\View->getContents() /home/ubuntu/workspace/monolist/vendor/laravel/framework/src/Illuminate/View/View.php:118
[01-Feb-2018 00:59:42 Asia/Tokyo] PHP  42. Illuminate\View\Engines\CompilerEngine->get() /home/ubuntu/workspace/monolist/vendor/laravel/framework/src/Illuminate/View/View.php:147
[01-Feb-2018 00:59:42 Asia/Tokyo] PHP  43. Illuminate\View\Engines\PhpEngine->evaluatePath() /home/ubuntu/workspace/monolist/vendor/laravel/framework/src/Illuminate/View/Engines/CompilerEngine.php:58
[01-Feb-2018 00:59:42 Asia/Tokyo] PHP  44. include() /home/ubuntu/workspace/monolist/vendor/laravel/framework/src/Illuminate/View/Engines/PhpEngine.php:42
[01-Feb-2018 00:59:42 Asia/Tokyo] PHP  45. Illuminate\View\View->render() /home/ubuntu/workspace/monolist/storage/framework/views/5f13e4eba5c80c7712469d1529ef2dcb:13
[01-Feb-2018 00:59:42 Asia/Tokyo] PHP  46. Illuminate\View\View->renderContents() /home/ubuntu/workspace/monolist/vendor/laravel/framework/src/Illuminate/View/View.php:83
[01-Feb-2018 00:59:42 Asia/Tokyo] PHP  47. Illuminate\View\View->getContents() /home/ubuntu/workspace/monolist/vendor/laravel/framework/src/Illuminate/View/View.php:118
[01-Feb-2018 00:59:42 Asia/Tokyo] PHP  48. Illuminate\View\Engines\CompilerEngine->get() /home/ubuntu/workspace/monolist/vendor/laravel/framework/src/Illuminate/View/View.php:147
[01-Feb-2018 00:59:42 Asia/Tokyo] PHP  49. Illuminate\View\Engines\PhpEngine->evaluatePath() /home/ubuntu/workspace/monolist/vendor/laravel/framework/src/Illuminate/View/Engines/CompilerEngine.php:58
[01-Feb-2018 18:46:58 Asia/Tokyo] PHP Fatal error:  Class 'App\Http\Controllers\Item' not found in /home/ubuntu/workspace/monolist/app/Http/Controllers/WelcomeController.php on line 19
[01-Feb-2018 18:46:58 Asia/Tokyo] PHP Stack trace:
[01-Feb-2018 18:46:58 Asia/Tokyo] PHP   1. {main}() /home/ubuntu/workspace/monolist/server.php:0
[01-Feb-2018 18:46:58 Asia/Tokyo] PHP   2. require_once() /home/ubuntu/workspace/monolist/server.php:21
[01-Feb-2018 18:46:58 Asia/Tokyo] PHP   3. Illuminate\Foundation\Http\Kernel->handle() /home/ubuntu/workspace/monolist/public/index.php:54
[01-Feb-2018 18:46:58 Asia/Tokyo] PHP   4. Illuminate\Foundation\Http\Kernel->sendRequestThroughRouter() /home/ubuntu/workspace/monolist/vendor/laravel/framework/src/Illuminate/Foundation/Http/Kernel.php:87
[01-Feb-2018 18:46:58 Asia/Tokyo] PHP   5. Illuminate\Pipeline\Pipeline->then() /home/ubuntu/workspace/monolist/vendor/laravel/framework/src/Illuminate/Foundation/Http/Kernel.php:122
[01-Feb-2018 18:46:58 Asia/Tokyo] PHP   6. call_user_func:{/home/ubuntu/workspace/monolist/vendor/laravel/framework/src/Illuminate/Pipeline/Pipeline.php:103}() /home/ubuntu/workspace/monolist/vendor/laravel/framework/src/Illuminate/Pipeline/Pipeline.php:103
[01-Feb-2018 18:46:58 Asia/Tokyo] PHP   7. Illuminate\Pipeline\Pipeline->Illuminate\Pipeline\{closure}() /home/ubuntu/workspace/monolist/vendor/laravel/framework/src/Illuminate/Pipeline/Pipeline.php:103
[01-Feb-2018 18:46:58 Asia/Tokyo] PHP   8. call_user_func_array:{/home/ubuntu/workspace/monolist/vendor/laravel/framework/src/Illuminate/Pipeline/Pipeline.php:124}() /home/ubuntu/workspace/monolist/vendor/laravel/framework/src/Illuminate/Pipeline/Pipeline.php:124
[01-Feb-2018 18:46:58 Asia/Tokyo] PHP   9. Illuminate\Foundation\Http\Middleware\CheckForMaintenanceMode->handle() /home/ubuntu/workspace/monolist/vendor/laravel/framework/src/Illuminate/Pipeline/Pipeline.php:124
[01-Feb-2018 18:46:58 Asia/Tokyo] PHP  10. Illuminate\Pipeline\Pipeline->Illuminate\Pipeline\{closure}() /home/ubuntu/workspace/monolist/vendor/laravel/framework/src/Illuminate/Foundation/Http/Middleware/CheckForMaintenanceMode.php:44
[01-Feb-2018 18:46:58 Asia/Tokyo] PHP  11. call_user_func_array:{/home/ubuntu/workspace/monolist/vendor/laravel/framework/src/Illuminate/Pipeline/Pipeline.php:124}() /home/ubuntu/workspace/monolist/vendor/laravel/framework/src/Illuminate/Pipeline/Pipeline.php:124
[01-Feb-2018 18:46:58 Asia/Tokyo] PHP  12. Illuminate\Cookie\Middleware\EncryptCookies->handle() /home/ubuntu/workspace/monolist/vendor/laravel/framework/src/Illuminate/Pipeline/Pipeline.php:124
[01-Feb-2018 18:46:58 Asia/Tokyo] PHP  13. Illuminate\Pipeline\Pipeline->Illuminate\Pipeline\{closure}() /home/ubuntu/workspace/monolist/vendor/laravel/framework/src/Illuminate/Cookie/Middleware/EncryptCookies.php:59
[01-Feb-2018 18:46:58 Asia/Tokyo] PHP  14. call_user_func_array:{/home/ubuntu/workspace/monolist/vendor/laravel/framework/src/Illuminate/Pipeline/Pipeline.php:124}() /home/ubuntu/workspace/monolist/vendor/laravel/framework/src/Illuminate/Pipeline/Pipeline.php:124
[01-Feb-2018 18:46:58 Asia/Tokyo] PHP  15. Illuminate\Cookie\Middleware\AddQueuedCookiesToResponse->handle() /home/ubuntu/workspace/monolist/vendor/laravel/framework/src/Illuminate/Pipeline/Pipeline.php:124
[01-Feb-2018 18:46:58 Asia/Tokyo] PHP  16. Illuminate\Pipeline\Pipeline->Illuminate\Pipeline\{closure}() /home/ubuntu/workspace/monolist/vendor/laravel/framework/src/Illuminate/Cookie/Middleware/AddQueuedCookiesToResponse.php:37
[01-Feb-2018 18:46:58 Asia/Tokyo] PHP  17. call_user_func_array:{/home/ubuntu/workspace/monolist/vendor/laravel/framework/src/Illuminate/Pipeline/Pipeline.php:124}() /home/ubuntu/workspace/monolist/vendor/laravel/framework/src/Illuminate/Pipeline/Pipeline.php:124
[01-Feb-2018 18:46:58 Asia/Tokyo] PHP  18. Illuminate\Session\Middleware\StartSession->handle() /home/ubuntu/workspace/monolist/vendor/laravel/framework/src/Illuminate/Pipeline/Pipeline.php:124
[01-Feb-2018 18:46:58 Asia/Tokyo] PHP  19. Illuminate\Pipeline\Pipeline->Illuminate\Pipeline\{closure}() /home/ubuntu/workspace/monolist/vendor/laravel/framework/src/Illuminate/Session/Middleware/StartSession.php:62
[01-Feb-2018 18:46:58 Asia/Tokyo] PHP  20. call_user_func_array:{/home/ubuntu/workspace/monolist/vendor/laravel/framework/src/Illuminate/Pipeline/Pipeline.php:124}() /home/ubuntu/workspace/monolist/vendor/laravel/framework/src/Illuminate/Pipeline/Pipeline.php:124
[01-Feb-2018 18:46:58 Asia/Tokyo] PHP  21. Illuminate\View\Middleware\ShareErrorsFromSession->handle() /home/ubuntu/workspace/monolist/vendor/laravel/framework/src/Illuminate/Pipeline/Pipeline.php:124
[01-Feb-2018 18:46:58 Asia/Tokyo] PHP  22. Illuminate\Pipeline\Pipeline->Illuminate\Pipeline\{closure}() /home/ubuntu/workspace/monolist/vendor/laravel/framework/src/Illuminate/View/Middleware/ShareErrorsFromSession.php:49
[01-Feb-2018 18:46:58 Asia/Tokyo] PHP  23. call_user_func_array:{/home/ubuntu/workspace/monolist/vendor/laravel/framework/src/Illuminate/Pipeline/Pipeline.php:124}() /home/ubuntu/workspace/monolist/vendor/laravel/framework/src/Illuminate/Pipeline/Pipeline.php:124
[01-Feb-2018 18:46:58 Asia/Tokyo] PHP  24. Illuminate\Foundation\Http\Middleware\VerifyCsrfToken->handle() /home/ubuntu/workspace/monolist/vendor/laravel/framework/src/Illuminate/Pipeline/Pipeline.php:124
[01-Feb-2018 18:46:58 Asia/Tokyo] PHP  25. Illuminate\Pipeline\Pipeline->Illuminate\Pipeline\{closure}() /home/ubuntu/workspace/monolist/vendor/laravel/framework/src/Illuminate/Foundation/Http/Middleware/VerifyCsrfToken.php:50
[01-Feb-2018 18:46:58 Asia/Tokyo] PHP  26. call_user_func:{/home/ubuntu/workspace/monolist/vendor/laravel/framework/src/Illuminate/Pipeline/Pipeline.php:139}() /home/ubuntu/workspace/monolist/vendor/laravel/framework/src/Illuminate/Pipeline/Pipeline.php:139
[01-Feb-2018 18:46:58 Asia/Tokyo] PHP  27. Illuminate\Foundation\Http\Kernel->Illuminate\Foundation\Http\{closure}() /home/ubuntu/workspace/monolist/vendor/laravel/framework/src/Illuminate/Pipeline/Pipeline.php:139
[01-Feb-2018 18:46:58 Asia/Tokyo] PHP  28. Illuminate\Routing\Router->dispatch() /home/ubuntu/workspace/monolist/vendor/laravel/framework/src/Illuminate/Foundation/Http/Kernel.php:236
[01-Feb-2018 18:46:58 Asia/Tokyo] PHP  29. Illuminate\Routing\Router->dispatchToRoute() /home/ubuntu/workspace/monolist/vendor/laravel/framework/src/Illuminate/Routing/Router.php:635
[01-Feb-2018 18:46:58 Asia/Tokyo] PHP  30. Illuminate\Routing\Router->runRouteWithinStack() /home/ubuntu/workspace/monolist/vendor/laravel/framework/src/Illuminate/Routing/Router.php:675
[01-Feb-2018 18:46:58 Asia/Tokyo] PHP  31. Illuminate\Pipeline\Pipeline->then() /home/ubuntu/workspace/monolist/vendor/laravel/framework/src/Illuminate/Routing/Router.php:710
[01-Feb-2018 18:46:58 Asia/Tokyo] PHP  32. call_user_func:{/home/ubuntu/workspace/monolist/vendor/laravel/framework/src/Illuminate/Pipeline/Pipeline.php:103}() /home/ubuntu/workspace/monolist/vendor/laravel/framework/src/Illuminate/Pipeline/Pipeline.php:103
[01-Feb-2018 18:46:58 Asia/Tokyo] PHP  33. Illuminate\Pipeline\Pipeline->Illuminate\Pipeline\{closure}() /home/ubuntu/workspace/monolist/vendor/laravel/framework/src/Illuminate/Pipeline/Pipeline.php:103
[01-Feb-2018 18:46:58 Asia/Tokyo] PHP  34. call_user_func:{/home/ubuntu/workspace/monolist/vendor/laravel/framework/src/Illuminate/Pipeline/Pipeline.php:139}() /home/ubuntu/workspace/monolist/vendor/laravel/framework/src/Illuminate/Pipeline/Pipeline.php:139
[01-Feb-2018 18:46:58 Asia/Tokyo] PHP  35. Illuminate\Routing\Router->Illuminate\Routing\{closure}() /home/ubuntu/workspace/monolist/vendor/laravel/framework/src/Illuminate/Pipeline/Pipeline.php:139
[01-Feb-2018 18:46:58 Asia/Tokyo] PHP  36. Illuminate\Routing\Route->run() /home/ubuntu/workspace/monolist/vendor/laravel/framework/src/Illuminate/Routing/Router.php:708
[01-Feb-2018 18:46:58 Asia/Tokyo] PHP  37. Illuminate\Routing\Route->runWithCustomDispatcher() /home/ubuntu/workspace/monolist/vendor/laravel/framework/src/Illuminate/Routing/Route.php:134
[01-Feb-2018 18:46:58 Asia/Tokyo] PHP  38. Illuminate\Routing\ControllerDispatcher->dispatch() /home/ubuntu/workspace/monolist/vendor/laravel/framework/src/Illuminate/Routing/Route.php:203
[01-Feb-2018 18:46:58 Asia/Tokyo] PHP  39. Illuminate\Routing\ControllerDispatcher->callWithinStack() /home/ubuntu/workspace/monolist/vendor/laravel/framework/src/Illuminate/Routing/ControllerDispatcher.php:69
[01-Feb-2018 18:46:58 Asia/Tokyo] PHP  40. Illuminate\Pipeline\Pipeline->then() /home/ubuntu/workspace/monolist/vendor/laravel/framework/src/Illuminate/Routing/ControllerDispatcher.php:114
[01-Feb-2018 18:46:58 Asia/Tokyo] PHP  41. call_user_func:{/home/ubuntu/workspace/monolist/vendor/laravel/framework/src/Illuminate/Pipeline/Pipeline.php:103}() /home/ubuntu/workspace/monolist/vendor/laravel/framework/src/Illuminate/Pipeline/Pipeline.php:103
[01-Feb-2018 18:46:58 Asia/Tokyo] PHP  42. Illuminate\Pipeline\Pipeline->Illuminate\Pipeline\{closure}() /home/ubuntu/workspace/monolist/vendor/laravel/framework/src/Illuminate/Pipeline/Pipeline.php:103
[01-Feb-2018 18:46:58 Asia/Tokyo] PHP  43. call_user_func:{/home/ubuntu/workspace/monolist/vendor/laravel/framework/src/Illuminate/Pipeline/Pipeline.php:139}() /home/ubuntu/workspace/monolist/vendor/laravel/framework/src/Illuminate/Pipeline/Pipeline.php:139
[01-Feb-2018 18:46:58 Asia/Tokyo] PHP  44. Illuminate\Routing\ControllerDispatcher->Illuminate\Routing\{closure}() /home/ubuntu/workspace/monolist/vendor/laravel/framework/src/Illuminate/Pipeline/Pipeline.php:139
[01-Feb-2018 18:46:58 Asia/Tokyo] PHP  45. Illuminate\Routing\ControllerDispatcher->call() /home/ubuntu/workspace/monolist/vendor/laravel/framework/src/Illuminate/Routing/ControllerDispatcher.php:112
[01-Feb-2018 18:46:58 Asia/Tokyo] PHP  46. Illuminate\Routing\Controller->callAction() /home/ubuntu/workspace/monolist/vendor/laravel/framework/src/Illuminate/Routing/ControllerDispatcher.php:164
[01-Feb-2018 18:46:58 Asia/Tokyo] PHP  47. call_user_func_array:{/home/ubuntu/workspace/monolist/vendor/laravel/framework/src/Illuminate/Routing/Controller.php:256}() /home/ubuntu/workspace/monolist/vendor/laravel/framework/src/Illuminate/Routing/Controller.php:256
[01-Feb-2018 18:46:58 Asia/Tokyo] PHP  48. App\Http\Controllers\WelcomeController->index() /home/ubuntu/workspace/monolist/vendor/laravel/framework/src/Illuminate/Routing/Controller.php:256
[01-Feb-2018 19:08:24 Asia/Tokyo] PHP Fatal error:  Class 'App\Http\Controllers\Item' not found in /home/ubuntu/workspace/monolist/app/Http/Controllers/ItemsController.php on line 78
[01-Feb-2018 19:08:24 Asia/Tokyo] PHP Stack trace:
[01-Feb-2018 19:08:24 Asia/Tokyo] PHP   1. {main}() /home/ubuntu/workspace/monolist/server.php:0
[01-Feb-2018 19:08:24 Asia/Tokyo] PHP   2. require_once() /home/ubuntu/workspace/monolist/server.php:21
[01-Feb-2018 19:08:24 Asia/Tokyo] PHP   3. Illuminate\Foundation\Http\Kernel->handle() /home/ubuntu/workspace/monolist/public/index.php:54
[01-Feb-2018 19:08:24 Asia/Tokyo] PHP   4. Illuminate\Foundation\Http\Kernel->sendRequestThroughRouter() /home/ubuntu/workspace/monolist/vendor/laravel/framework/src/Illuminate/Foundation/Http/Kernel.php:87
[01-Feb-2018 19:08:24 Asia/Tokyo] PHP   5. Illuminate\Pipeline\Pipeline->then() /home/ubuntu/workspace/monolist/vendor/laravel/framework/src/Illuminate/Foundation/Http/Kernel.php:122
[01-Feb-2018 19:08:24 Asia/Tokyo] PHP   6. call_user_func:{/home/ubuntu/workspace/monolist/vendor/laravel/framework/src/Illuminate/Pipeline/Pipeline.php:103}() /home/ubuntu/workspace/monolist/vendor/laravel/framework/src/Illuminate/Pipeline/Pipeline.php:103
[01-Feb-2018 19:08:24 Asia/Tokyo] PHP   7. Illuminate\Pipeline\Pipeline->Illuminate\Pipeline\{closure}() /home/ubuntu/workspace/monolist/vendor/laravel/framework/src/Illuminate/Pipeline/Pipeline.php:103
[01-Feb-2018 19:08:24 Asia/Tokyo] PHP   8. call_user_func_array:{/home/ubuntu/workspace/monolist/vendor/laravel/framework/src/Illuminate/Pipeline/Pipeline.php:124}() /home/ubuntu/workspace/monolist/vendor/laravel/framework/src/Illuminate/Pipeline/Pipeline.php:124
[01-Feb-2018 19:08:24 Asia/Tokyo] PHP   9. Illuminate\Foundation\Http\Middleware\CheckForMaintenanceMode->handle() /home/ubuntu/workspace/monolist/vendor/laravel/framework/src/Illuminate/Pipeline/Pipeline.php:124
[01-Feb-2018 19:08:24 Asia/Tokyo] PHP  10. Illuminate\Pipeline\Pipeline->Illuminate\Pipeline\{closure}() /home/ubuntu/workspace/monolist/vendor/laravel/framework/src/Illuminate/Foundation/Http/Middleware/CheckForMaintenanceMode.php:44
[01-Feb-2018 19:08:24 Asia/Tokyo] PHP  11. call_user_func_array:{/home/ubuntu/workspace/monolist/vendor/laravel/framework/src/Illuminate/Pipeline/Pipeline.php:124}() /home/ubuntu/workspace/monolist/vendor/laravel/framework/src/Illuminate/Pipeline/Pipeline.php:124
[01-Feb-2018 19:08:24 Asia/Tokyo] PHP  12. Illuminate\Cookie\Middleware\EncryptCookies->handle() /home/ubuntu/workspace/monolist/vendor/laravel/framework/src/Illuminate/Pipeline/Pipeline.php:124
[01-Feb-2018 19:08:24 Asia/Tokyo] PHP  13. Illuminate\Pipeline\Pipeline->Illuminate\Pipeline\{closure}() /home/ubuntu/workspace/monolist/vendor/laravel/framework/src/Illuminate/Cookie/Middleware/EncryptCookies.php:59
[01-Feb-2018 19:08:24 Asia/Tokyo] PHP  14. call_user_func_array:{/home/ubuntu/workspace/monolist/vendor/laravel/framework/src/Illuminate/Pipeline/Pipeline.php:124}() /home/ubuntu/workspace/monolist/vendor/laravel/framework/src/Illuminate/Pipeline/Pipeline.php:124
[01-Feb-2018 19:08:24 Asia/Tokyo] PHP  15. Illuminate\Cookie\Middleware\AddQueuedCookiesToResponse->handle() /home/ubuntu/workspace/monolist/vendor/laravel/framework/src/Illuminate/Pipeline/Pipeline.php:124
[01-Feb-2018 19:08:24 Asia/Tokyo] PHP  16. Illuminate\Pipeline\Pipeline->Illuminate\Pipeline\{closure}() /home/ubuntu/workspace/monolist/vendor/laravel/framework/src/Illuminate/Cookie/Middleware/AddQueuedCookiesToResponse.php:37
[01-Feb-2018 19:08:24 Asia/Tokyo] PHP  17. call_user_func_array:{/home/ubuntu/workspace/monolist/vendor/laravel/framework/src/Illuminate/Pipeline/Pipeline.php:124}() /home/ubuntu/workspace/monolist/vendor/laravel/framework/src/Illuminate/Pipeline/Pipeline.php:124
[01-Feb-2018 19:08:24 Asia/Tokyo] PHP  18. Illuminate\Session\Middleware\StartSession->handle() /home/ubuntu/workspace/monolist/vendor/laravel/framework/src/Illuminate/Pipeline/Pipeline.php:124
[01-Feb-2018 19:08:24 Asia/Tokyo] PHP  19. Illuminate\Pipeline\Pipeline->Illuminate\Pipeline\{closure}() /home/ubuntu/workspace/monolist/vendor/laravel/framework/src/Illuminate/Session/Middleware/StartSession.php:62
[01-Feb-2018 19:08:24 Asia/Tokyo] PHP  20. call_user_func_array:{/home/ubuntu/workspace/monolist/vendor/laravel/framework/src/Illuminate/Pipeline/Pipeline.php:124}() /home/ubuntu/workspace/monolist/vendor/laravel/framework/src/Illuminate/Pipeline/Pipeline.php:124
[01-Feb-2018 19:08:24 Asia/Tokyo] PHP  21. Illuminate\View\Middleware\ShareErrorsFromSession->handle() /home/ubuntu/workspace/monolist/vendor/laravel/framework/src/Illuminate/Pipeline/Pipeline.php:124
[01-Feb-2018 19:08:24 Asia/Tokyo] PHP  22. Illuminate\Pipeline\Pipeline->Illuminate\Pipeline\{closure}() /home/ubuntu/workspace/monolist/vendor/laravel/framework/src/Illuminate/View/Middleware/ShareErrorsFromSession.php:49
[01-Feb-2018 19:08:24 Asia/Tokyo] PHP  23. call_user_func_array:{/home/ubuntu/workspace/monolist/vendor/laravel/framework/src/Illuminate/Pipeline/Pipeline.php:124}() /home/ubuntu/workspace/monolist/vendor/laravel/framework/src/Illuminate/Pipeline/Pipeline.php:124
[01-Feb-2018 19:08:24 Asia/Tokyo] PHP  24. Illuminate\Foundation\Http\Middleware\VerifyCsrfToken->handle() /home/ubuntu/workspace/monolist/vendor/laravel/framework/src/Illuminate/Pipeline/Pipeline.php:124
[01-Feb-2018 19:08:24 Asia/Tokyo] PHP  25. Illuminate\Pipeline\Pipeline->Illuminate\Pipeline\{closure}() /home/ubuntu/workspace/monolist/vendor/laravel/framework/src/Illuminate/Foundation/Http/Middleware/VerifyCsrfToken.php:50
[01-Feb-2018 19:08:24 Asia/Tokyo] PHP  26. call_user_func:{/home/ubuntu/workspace/monolist/vendor/laravel/framework/src/Illuminate/Pipeline/Pipeline.php:139}() /home/ubuntu/workspace/monolist/vendor/laravel/framework/src/Illuminate/Pipeline/Pipeline.php:139
[01-Feb-2018 19:08:24 Asia/Tokyo] PHP  27. Illuminate\Foundation\Http\Kernel->Illuminate\Foundation\Http\{closure}() /home/ubuntu/workspace/monolist/vendor/laravel/framework/src/Illuminate/Pipeline/Pipeline.php:139
[01-Feb-2018 19:08:24 Asia/Tokyo] PHP  28. Illuminate\Routing\Router->dispatch() /home/ubuntu/workspace/monolist/vendor/laravel/framework/src/Illuminate/Foundation/Http/Kernel.php:236
[01-Feb-2018 19:08:24 Asia/Tokyo] PHP  29. Illuminate\Routing\Router->dispatchToRoute() /home/ubuntu/workspace/monolist/vendor/laravel/framework/src/Illuminate/Routing/Router.php:635
[01-Feb-2018 19:08:24 Asia/Tokyo] PHP  30. Illuminate\Routing\Router->runRouteWithinStack() /home/ubuntu/workspace/monolist/vendor/laravel/framework/src/Illuminate/Routing/Router.php:675
[01-Feb-2018 19:08:24 Asia/Tokyo] PHP  31. Illuminate\Pipeline\Pipeline->then() /home/ubuntu/workspace/monolist/vendor/laravel/framework/src/Illuminate/Routing/Router.php:710
[01-Feb-2018 19:08:24 Asia/Tokyo] PHP  32. call_user_func:{/home/ubuntu/workspace/monolist/vendor/laravel/framework/src/Illuminate/Pipeline/Pipeline.php:103}() /home/ubuntu/workspace/monolist/vendor/laravel/framework/src/Illuminate/Pipeline/Pipeline.php:103
[01-Feb-2018 19:08:24 Asia/Tokyo] PHP  33. Illuminate\Pipeline\Pipeline->Illuminate\Pipeline\{closure}() /home/ubuntu/workspace/monolist/vendor/laravel/framework/src/Illuminate/Pipeline/Pipeline.php:103
[01-Feb-2018 19:08:24 Asia/Tokyo] PHP  34. call_user_func_array:{/home/ubuntu/workspace/monolist/vendor/laravel/framework/src/Illuminate/Pipeline/Pipeline.php:124}() /home/ubuntu/workspace/monolist/vendor/laravel/framework/src/Illuminate/Pipeline/Pipeline.php:124
[01-Feb-2018 19:08:24 Asia/Tokyo] PHP  35. App\Http\Middleware\Authenticate->handle() /home/ubuntu/workspace/monolist/vendor/laravel/framework/src/Illuminate/Pipeline/Pipeline.php:124
[01-Feb-2018 19:08:24 Asia/Tokyo] PHP  36. Illuminate\Pipeline\Pipeline->Illuminate\Pipeline\{closure}() /home/ubuntu/workspace/monolist/app/Http/Middleware/Authenticate.php:45
[01-Feb-2018 19:08:24 Asia/Tokyo] PHP  37. call_user_func:{/home/ubuntu/workspace/monolist/vendor/laravel/framework/src/Illuminate/Pipeline/Pipeline.php:139}() /home/ubuntu/workspace/monolist/vendor/laravel/framework/src/Illuminate/Pipeline/Pipeline.php:139
[01-Feb-2018 19:08:24 Asia/Tokyo] PHP  38. Illuminate\Routing\Router->Illuminate\Routing\{closure}() /home/ubuntu/workspace/monolist/vendor/laravel/framework/src/Illuminate/Pipeline/Pipeline.php:139
[01-Feb-2018 19:08:24 Asia/Tokyo] PHP  39. Illuminate\Routing\Route->run() /home/ubuntu/workspace/monolist/vendor/laravel/framework/src/Illuminate/Routing/Router.php:708
[01-Feb-2018 19:08:24 Asia/Tokyo] PHP  40. Illuminate\Routing\Route->runWithCustomDispatcher() /home/ubuntu/workspace/monolist/vendor/laravel/framework/src/Illuminate/Routing/Route.php:134
[01-Feb-2018 19:08:24 Asia/Tokyo] PHP  41. Illuminate\Routing\ControllerDispatcher->dispatch() /home/ubuntu/workspace/monolist/vendor/laravel/framework/src/Illuminate/Routing/Route.php:203
[01-Feb-2018 19:08:24 Asia/Tokyo] PHP  42. Illuminate\Routing\ControllerDispatcher->callWithinStack() /home/ubuntu/workspace/monolist/vendor/laravel/framework/src/Illuminate/Routing/ControllerDispatcher.php:69
[01-Feb-2018 19:08:24 Asia/Tokyo] PHP  43. Illuminate\Pipeline\Pipeline->then() /home/ubuntu/workspace/monolist/vendor/laravel/framework/src/Illuminate/Routing/ControllerDispatcher.php:114
[01-Feb-2018 19:08:24 Asia/Tokyo] PHP  44. call_user_func:{/home/ubuntu/workspace/monolist/vendor/laravel/framework/src/Illuminate/Pipeline/Pipeline.php:103}() /home/ubuntu/workspace/monolist/vendor/laravel/framework/src/Illuminate/Pipeline/Pipeline.php:103
[01-Feb-2018 19:08:24 Asia/Tokyo] PHP  45. Illuminate\Pipeline\Pipeline->Illuminate\Pipeline\{closure}() /home/ubuntu/workspace/monolist/vendor/laravel/framework/src/Illuminate/Pipeline/Pipeline.php:103
[01-Feb-2018 19:08:24 Asia/Tokyo] PHP  46. call_user_func:{/home/ubuntu/workspace/monolist/vendor/laravel/framework/src/Illuminate/Pipeline/Pipeline.php:139}() /home/ubuntu/workspace/monolist/vendor/laravel/framework/src/Illuminate/Pipeline/Pipeline.php:139
[01-Feb-2018 19:08:24 Asia/Tokyo] PHP  47. Illuminate\Routing\ControllerDispatcher->Illuminate\Routing\{closure}() /home/ubuntu/workspace/monolist/vendor/laravel/framework/src/Illuminate/Pipeline/Pipeline.php:139
[01-Feb-2018 19:08:24 Asia/Tokyo] PHP  48. Illuminate\Routing\ControllerDispatcher->call() /home/ubuntu/workspace/monolist/vendor/laravel/framework/src/Illuminate/Routing/ControllerDispatcher.php:112
[01-Feb-2018 19:08:24 Asia/Tokyo] PHP  49. Illuminate\Routing\Controller->callAction() /home/ubuntu/workspace/monolist/vendor/laravel/framework/src/Illuminate/Routing/ControllerDispatcher.php:164
[01-Feb-2018 19:08:24 Asia/Tokyo] PHP  50. call_user_func_array:{/home/ubuntu/workspace/monolist/vendor/laravel/framework/src/Illuminate/Routing/Controller.php:256}() /home/ubuntu/workspace/monolist/vendor/laravel/framework/src/Illuminate/Routing/Controller.php:256
[01-Feb-2018 19:08:24 Asia/Tokyo] PHP  51. App\Http\Controllers\ItemsController->show() /home/ubuntu/workspace/monolist/vendor/laravel/framework/src/Illuminate/Routing/Controller.php:256
[01-Feb-2018 19:08:38 Asia/Tokyo] PHP Fatal error:  Class 'App\Http\Controllers\Item' not found in /home/ubuntu/workspace/monolist/app/Http/Controllers/ItemsController.php on line 78
[01-Feb-2018 19:08:38 Asia/Tokyo] PHP Stack trace:
[01-Feb-2018 19:08:38 Asia/Tokyo] PHP   1. {main}() /home/ubuntu/workspace/monolist/server.php:0
[01-Feb-2018 19:08:38 Asia/Tokyo] PHP   2. require_once() /home/ubuntu/workspace/monolist/server.php:21
[01-Feb-2018 19:08:38 Asia/Tokyo] PHP   3. Illuminate\Foundation\Http\Kernel->handle() /home/ubuntu/workspace/monolist/public/index.php:54
[01-Feb-2018 19:08:38 Asia/Tokyo] PHP   4. Illuminate\Foundation\Http\Kernel->sendRequestThroughRouter() /home/ubuntu/workspace/monolist/vendor/laravel/framework/src/Illuminate/Foundation/Http/Kernel.php:87
[01-Feb-2018 19:08:38 Asia/Tokyo] PHP   5. Illuminate\Pipeline\Pipeline->then() /home/ubuntu/workspace/monolist/vendor/laravel/framework/src/Illuminate/Foundation/Http/Kernel.php:122
[01-Feb-2018 19:08:38 Asia/Tokyo] PHP   6. call_user_func:{/home/ubuntu/workspace/monolist/vendor/laravel/framework/src/Illuminate/Pipeline/Pipeline.php:103}() /home/ubuntu/workspace/monolist/vendor/laravel/framework/src/Illuminate/Pipeline/Pipeline.php:103
[01-Feb-2018 19:08:38 Asia/Tokyo] PHP   7. Illuminate\Pipeline\Pipeline->Illuminate\Pipeline\{closure}() /home/ubuntu/workspace/monolist/vendor/laravel/framework/src/Illuminate/Pipeline/Pipeline.php:103
[01-Feb-2018 19:08:38 Asia/Tokyo] PHP   8. call_user_func_array:{/home/ubuntu/workspace/monolist/vendor/laravel/framework/src/Illuminate/Pipeline/Pipeline.php:124}() /home/ubuntu/workspace/monolist/vendor/laravel/framework/src/Illuminate/Pipeline/Pipeline.php:124
[01-Feb-2018 19:08:38 Asia/Tokyo] PHP   9. Illuminate\Foundation\Http\Middleware\CheckForMaintenanceMode->handle() /home/ubuntu/workspace/monolist/vendor/laravel/framework/src/Illuminate/Pipeline/Pipeline.php:124
[01-Feb-2018 19:08:38 Asia/Tokyo] PHP  10. Illuminate\Pipeline\Pipeline->Illuminate\Pipeline\{closure}() /home/ubuntu/workspace/monolist/vendor/laravel/framework/src/Illuminate/Foundation/Http/Middleware/CheckForMaintenanceMode.php:44
[01-Feb-2018 19:08:38 Asia/Tokyo] PHP  11. call_user_func_array:{/home/ubuntu/workspace/monolist/vendor/laravel/framework/src/Illuminate/Pipeline/Pipeline.php:124}() /home/ubuntu/workspace/monolist/vendor/laravel/framework/src/Illuminate/Pipeline/Pipeline.php:124
[01-Feb-2018 19:08:38 Asia/Tokyo] PHP  12. Illuminate\Cookie\Middleware\EncryptCookies->handle() /home/ubuntu/workspace/monolist/vendor/laravel/framework/src/Illuminate/Pipeline/Pipeline.php:124
[01-Feb-2018 19:08:38 Asia/Tokyo] PHP  13. Illuminate\Pipeline\Pipeline->Illuminate\Pipeline\{closure}() /home/ubuntu/workspace/monolist/vendor/laravel/framework/src/Illuminate/Cookie/Middleware/EncryptCookies.php:59
[01-Feb-2018 19:08:38 Asia/Tokyo] PHP  14. call_user_func_array:{/home/ubuntu/workspace/monolist/vendor/laravel/framework/src/Illuminate/Pipeline/Pipeline.php:124}() /home/ubuntu/workspace/monolist/vendor/laravel/framework/src/Illuminate/Pipeline/Pipeline.php:124
[01-Feb-2018 19:08:38 Asia/Tokyo] PHP  15. Illuminate\Cookie\Middleware\AddQueuedCookiesToResponse->handle() /home/ubuntu/workspace/monolist/vendor/laravel/framework/src/Illuminate/Pipeline/Pipeline.php:124
[01-Feb-2018 19:08:38 Asia/Tokyo] PHP  16. Illuminate\Pipeline\Pipeline->Illuminate\Pipeline\{closure}() /home/ubuntu/workspace/monolist/vendor/laravel/framework/src/Illuminate/Cookie/Middleware/AddQueuedCookiesToResponse.php:37
[01-Feb-2018 19:08:38 Asia/Tokyo] PHP  17. call_user_func_array:{/home/ubuntu/workspace/monolist/vendor/laravel/framework/src/Illuminate/Pipeline/Pipeline.php:124}() /home/ubuntu/workspace/monolist/vendor/laravel/framework/src/Illuminate/Pipeline/Pipeline.php:124
[01-Feb-2018 19:08:38 Asia/Tokyo] PHP  18. Illuminate\Session\Middleware\StartSession->handle() /home/ubuntu/workspace/monolist/vendor/laravel/framework/src/Illuminate/Pipeline/Pipeline.php:124
[01-Feb-2018 19:08:38 Asia/Tokyo] PHP  19. Illuminate\Pipeline\Pipeline->Illuminate\Pipeline\{closure}() /home/ubuntu/workspace/monolist/vendor/laravel/framework/src/Illuminate/Session/Middleware/StartSession.php:62
[01-Feb-2018 19:08:38 Asia/Tokyo] PHP  20. call_user_func_array:{/home/ubuntu/workspace/monolist/vendor/laravel/framework/src/Illuminate/Pipeline/Pipeline.php:124}() /home/ubuntu/workspace/monolist/vendor/laravel/framework/src/Illuminate/Pipeline/Pipeline.php:124
[01-Feb-2018 19:08:38 Asia/Tokyo] PHP  21. Illuminate\View\Middleware\ShareErrorsFromSession->handle() /home/ubuntu/workspace/monolist/vendor/laravel/framework/src/Illuminate/Pipeline/Pipeline.php:124
[01-Feb-2018 19:08:38 Asia/Tokyo] PHP  22. Illuminate\Pipeline\Pipeline->Illuminate\Pipeline\{closure}() /home/ubuntu/workspace/monolist/vendor/laravel/framework/src/Illuminate/View/Middleware/ShareErrorsFromSession.php:49
[01-Feb-2018 19:08:38 Asia/Tokyo] PHP  23. call_user_func_array:{/home/ubuntu/workspace/monolist/vendor/laravel/framework/src/Illuminate/Pipeline/Pipeline.php:124}() /home/ubuntu/workspace/monolist/vendor/laravel/framework/src/Illuminate/Pipeline/Pipeline.php:124
[01-Feb-2018 19:08:38 Asia/Tokyo] PHP  24. Illuminate\Foundation\Http\Middleware\VerifyCsrfToken->handle() /home/ubuntu/workspace/monolist/vendor/laravel/framework/src/Illuminate/Pipeline/Pipeline.php:124
[01-Feb-2018 19:08:38 Asia/Tokyo] PHP  25. Illuminate\Pipeline\Pipeline->Illuminate\Pipeline\{closure}() /home/ubuntu/workspace/monolist/vendor/laravel/framework/src/Illuminate/Foundation/Http/Middleware/VerifyCsrfToken.php:50
[01-Feb-2018 19:08:38 Asia/Tokyo] PHP  26. call_user_func:{/home/ubuntu/workspace/monolist/vendor/laravel/framework/src/Illuminate/Pipeline/Pipeline.php:139}() /home/ubuntu/workspace/monolist/vendor/laravel/framework/src/Illuminate/Pipeline/Pipeline.php:139
[01-Feb-2018 19:08:38 Asia/Tokyo] PHP  27. Illuminate\Foundation\Http\Kernel->Illuminate\Foundation\Http\{closure}() /home/ubuntu/workspace/monolist/vendor/laravel/framework/src/Illuminate/Pipeline/Pipeline.php:139
[01-Feb-2018 19:08:38 Asia/Tokyo] PHP  28. Illuminate\Routing\Router->dispatch() /home/ubuntu/workspace/monolist/vendor/laravel/framework/src/Illuminate/Foundation/Http/Kernel.php:236
[01-Feb-2018 19:08:38 Asia/Tokyo] PHP  29. Illuminate\Routing\Router->dispatchToRoute() /home/ubuntu/workspace/monolist/vendor/laravel/framework/src/Illuminate/Routing/Router.php:635
[01-Feb-2018 19:08:38 Asia/Tokyo] PHP  30. Illuminate\Routing\Router->runRouteWithinStack() /home/ubuntu/workspace/monolist/vendor/laravel/framework/src/Illuminate/Routing/Router.php:675
[01-Feb-2018 19:08:38 Asia/Tokyo] PHP  31. Illuminate\Pipeline\Pipeline->then() /home/ubuntu/workspace/monolist/vendor/laravel/framework/src/Illuminate/Routing/Router.php:710
[01-Feb-2018 19:08:38 Asia/Tokyo] PHP  32. call_user_func:{/home/ubuntu/workspace/monolist/vendor/laravel/framework/src/Illuminate/Pipeline/Pipeline.php:103}() /home/ubuntu/workspace/monolist/vendor/laravel/framework/src/Illuminate/Pipeline/Pipeline.php:103
[01-Feb-2018 19:08:38 Asia/Tokyo] PHP  33. Illuminate\Pipeline\Pipeline->Illuminate\Pipeline\{closure}() /home/ubuntu/workspace/monolist/vendor/laravel/framework/src/Illuminate/Pipeline/Pipeline.php:103
[01-Feb-2018 19:08:38 Asia/Tokyo] PHP  34. call_user_func_array:{/home/ubuntu/workspace/monolist/vendor/laravel/framework/src/Illuminate/Pipeline/Pipeline.php:124}() /home/ubuntu/workspace/monolist/vendor/laravel/framework/src/Illuminate/Pipeline/Pipeline.php:124
[01-Feb-2018 19:08:38 Asia/Tokyo] PHP  35. App\Http\Middleware\Authenticate->handle() /home/ubuntu/workspace/monolist/vendor/laravel/framework/src/Illuminate/Pipeline/Pipeline.php:124
[01-Feb-2018 19:08:38 Asia/Tokyo] PHP  36. Illuminate\Pipeline\Pipeline->Illuminate\Pipeline\{closure}() /home/ubuntu/workspace/monolist/app/Http/Middleware/Authenticate.php:45
[01-Feb-2018 19:08:38 Asia/Tokyo] PHP  37. call_user_func:{/home/ubuntu/workspace/monolist/vendor/laravel/framework/src/Illuminate/Pipeline/Pipeline.php:139}() /home/ubuntu/workspace/monolist/vendor/laravel/framework/src/Illuminate/Pipeline/Pipeline.php:139
[01-Feb-2018 19:08:38 Asia/Tokyo] PHP  38. Illuminate\Routing\Router->Illuminate\Routing\{closure}() /home/ubuntu/workspace/monolist/vendor/laravel/framework/src/Illuminate/Pipeline/Pipeline.php:139
[01-Feb-2018 19:08:38 Asia/Tokyo] PHP  39. Illuminate\Routing\Route->run() /home/ubuntu/workspace/monolist/vendor/laravel/framework/src/Illuminate/Routing/Router.php:708
[01-Feb-2018 19:08:38 Asia/Tokyo] PHP  40. Illuminate\Routing\Route->runWithCustomDispatcher() /home/ubuntu/workspace/monolist/vendor/laravel/framework/src/Illuminate/Routing/Route.php:134
[01-Feb-2018 19:08:38 Asia/Tokyo] PHP  41. Illuminate\Routing\ControllerDispatcher->dispatch() /home/ubuntu/workspace/monolist/vendor/laravel/framework/src/Illuminate/Routing/Route.php:203
[01-Feb-2018 19:08:38 Asia/Tokyo] PHP  42. Illuminate\Routing\ControllerDispatcher->callWithinStack() /home/ubuntu/workspace/monolist/vendor/laravel/framework/src/Illuminate/Routing/ControllerDispatcher.php:69
[01-Feb-2018 19:08:38 Asia/Tokyo] PHP  43. Illuminate\Pipeline\Pipeline->then() /home/ubuntu/workspace/monolist/vendor/laravel/framework/src/Illuminate/Routing/ControllerDispatcher.php:114
[01-Feb-2018 19:08:38 Asia/Tokyo] PHP  44. call_user_func:{/home/ubuntu/workspace/monolist/vendor/laravel/framework/src/Illuminate/Pipeline/Pipeline.php:103}() /home/ubuntu/workspace/monolist/vendor/laravel/framework/src/Illuminate/Pipeline/Pipeline.php:103
[01-Feb-2018 19:08:38 Asia/Tokyo] PHP  45. Illuminate\Pipeline\Pipeline->Illuminate\Pipeline\{closure}() /home/ubuntu/workspace/monolist/vendor/laravel/framework/src/Illuminate/Pipeline/Pipeline.php:103
[01-Feb-2018 19:08:38 Asia/Tokyo] PHP  46. call_user_func:{/home/ubuntu/workspace/monolist/vendor/laravel/framework/src/Illuminate/Pipeline/Pipeline.php:139}() /home/ubuntu/workspace/monolist/vendor/laravel/framework/src/Illuminate/Pipeline/Pipeline.php:139
[01-Feb-2018 19:08:38 Asia/Tokyo] PHP  47. Illuminate\Routing\ControllerDispatcher->Illuminate\Routing\{closure}() /home/ubuntu/workspace/monolist/vendor/laravel/framework/src/Illuminate/Pipeline/Pipeline.php:139
[01-Feb-2018 19:08:38 Asia/Tokyo] PHP  48. Illuminate\Routing\ControllerDispatcher->call() /home/ubuntu/workspace/monolist/vendor/laravel/framework/src/Illuminate/Routing/ControllerDispatcher.php:112
[01-Feb-2018 19:08:38 Asia/Tokyo] PHP  49. Illuminate\Routing\Controller->callAction() /home/ubuntu/workspace/monolist/vendor/laravel/framework/src/Illuminate/Routing/ControllerDispatcher.php:164
[01-Feb-2018 19:08:38 Asia/Tokyo] PHP  50. call_user_func_array:{/home/ubuntu/workspace/monolist/vendor/laravel/framework/src/Illuminate/Routing/Controller.php:256}() /home/ubuntu/workspace/monolist/vendor/laravel/framework/src/Illuminate/Routing/Controller.php:256
[01-Feb-2018 19:08:38 Asia/Tokyo] PHP  51. App\Http\Controllers\ItemsController->show() /home/ubuntu/workspace/monolist/vendor/laravel/framework/src/Illuminate/Routing/Controller.php:256
[01-Feb-2018 19:13:03 Asia/Tokyo] PHP Fatal error:  Class 'App\Http\Controllers\Item' not found in /home/ubuntu/workspace/monolist/app/Http/Controllers/ItemUserController.php on line 118
[01-Feb-2018 19:13:03 Asia/Tokyo] PHP Stack trace:
[01-Feb-2018 19:13:03 Asia/Tokyo] PHP   1. {main}() /home/ubuntu/workspace/monolist/server.php:0
[01-Feb-2018 19:13:03 Asia/Tokyo] PHP   2. require_once() /home/ubuntu/workspace/monolist/server.php:21
[01-Feb-2018 19:13:03 Asia/Tokyo] PHP   3. Illuminate\Foundation\Http\Kernel->handle() /home/ubuntu/workspace/monolist/public/index.php:54
[01-Feb-2018 19:13:03 Asia/Tokyo] PHP   4. Illuminate\Foundation\Http\Kernel->sendRequestThroughRouter() /home/ubuntu/workspace/monolist/vendor/laravel/framework/src/Illuminate/Foundation/Http/Kernel.php:87
[01-Feb-2018 19:13:03 Asia/Tokyo] PHP   5. Illuminate\Pipeline\Pipeline->then() /home/ubuntu/workspace/monolist/vendor/laravel/framework/src/Illuminate/Foundation/Http/Kernel.php:122
[01-Feb-2018 19:13:03 Asia/Tokyo] PHP   6. call_user_func:{/home/ubuntu/workspace/monolist/vendor/laravel/framework/src/Illuminate/Pipeline/Pipeline.php:103}() /home/ubuntu/workspace/monolist/vendor/laravel/framework/src/Illuminate/Pipeline/Pipeline.php:103
[01-Feb-2018 19:13:03 Asia/Tokyo] PHP   7. Illuminate\Pipeline\Pipeline->Illuminate\Pipeline\{closure}() /home/ubuntu/workspace/monolist/vendor/laravel/framework/src/Illuminate/Pipeline/Pipeline.php:103
[01-Feb-2018 19:13:03 Asia/Tokyo] PHP   8. call_user_func_array:{/home/ubuntu/workspace/monolist/vendor/laravel/framework/src/Illuminate/Pipeline/Pipeline.php:124}() /home/ubuntu/workspace/monolist/vendor/laravel/framework/src/Illuminate/Pipeline/Pipeline.php:124
[01-Feb-2018 19:13:03 Asia/Tokyo] PHP   9. Illuminate\Foundation\Http\Middleware\CheckForMaintenanceMode->handle() /home/ubuntu/workspace/monolist/vendor/laravel/framework/src/Illuminate/Pipeline/Pipeline.php:124
[01-Feb-2018 19:13:03 Asia/Tokyo] PHP  10. Illuminate\Pipeline\Pipeline->Illuminate\Pipeline\{closure}() /home/ubuntu/workspace/monolist/vendor/laravel/framework/src/Illuminate/Foundation/Http/Middleware/CheckForMaintenanceMode.php:44
[01-Feb-2018 19:13:03 Asia/Tokyo] PHP  11. call_user_func_array:{/home/ubuntu/workspace/monolist/vendor/laravel/framework/src/Illuminate/Pipeline/Pipeline.php:124}() /home/ubuntu/workspace/monolist/vendor/laravel/framework/src/Illuminate/Pipeline/Pipeline.php:124
[01-Feb-2018 19:13:03 Asia/Tokyo] PHP  12. Illuminate\Cookie\Middleware\EncryptCookies->handle() /home/ubuntu/workspace/monolist/vendor/laravel/framework/src/Illuminate/Pipeline/Pipeline.php:124
[01-Feb-2018 19:13:03 Asia/Tokyo] PHP  13. Illuminate\Pipeline\Pipeline->Illuminate\Pipeline\{closure}() /home/ubuntu/workspace/monolist/vendor/laravel/framework/src/Illuminate/Cookie/Middleware/EncryptCookies.php:59
[01-Feb-2018 19:13:03 Asia/Tokyo] PHP  14. call_user_func_array:{/home/ubuntu/workspace/monolist/vendor/laravel/framework/src/Illuminate/Pipeline/Pipeline.php:124}() /home/ubuntu/workspace/monolist/vendor/laravel/framework/src/Illuminate/Pipeline/Pipeline.php:124
[01-Feb-2018 19:13:03 Asia/Tokyo] PHP  15. Illuminate\Cookie\Middleware\AddQueuedCookiesToResponse->handle() /home/ubuntu/workspace/monolist/vendor/laravel/framework/src/Illuminate/Pipeline/Pipeline.php:124
[01-Feb-2018 19:13:03 Asia/Tokyo] PHP  16. Illuminate\Pipeline\Pipeline->Illuminate\Pipeline\{closure}() /home/ubuntu/workspace/monolist/vendor/laravel/framework/src/Illuminate/Cookie/Middleware/AddQueuedCookiesToResponse.php:37
[01-Feb-2018 19:13:03 Asia/Tokyo] PHP  17. call_user_func_array:{/home/ubuntu/workspace/monolist/vendor/laravel/framework/src/Illuminate/Pipeline/Pipeline.php:124}() /home/ubuntu/workspace/monolist/vendor/laravel/framework/src/Illuminate/Pipeline/Pipeline.php:124
[01-Feb-2018 19:13:03 Asia/Tokyo] PHP  18. Illuminate\Session\Middleware\StartSession->handle() /home/ubuntu/workspace/monolist/vendor/laravel/framework/src/Illuminate/Pipeline/Pipeline.php:124
[01-Feb-2018 19:13:03 Asia/Tokyo] PHP  19. Illuminate\Pipeline\Pipeline->Illuminate\Pipeline\{closure}() /home/ubuntu/workspace/monolist/vendor/laravel/framework/src/Illuminate/Session/Middleware/StartSession.php:62
[01-Feb-2018 19:13:03 Asia/Tokyo] PHP  20. call_user_func_array:{/home/ubuntu/workspace/monolist/vendor/laravel/framework/src/Illuminate/Pipeline/Pipeline.php:124}() /home/ubuntu/workspace/monolist/vendor/laravel/framework/src/Illuminate/Pipeline/Pipeline.php:124
[01-Feb-2018 19:13:03 Asia/Tokyo] PHP  21. Illuminate\View\Middleware\ShareErrorsFromSession->handle() /home/ubuntu/workspace/monolist/vendor/laravel/framework/src/Illuminate/Pipeline/Pipeline.php:124
[01-Feb-2018 19:13:03 Asia/Tokyo] PHP  22. Illuminate\Pipeline\Pipeline->Illuminate\Pipeline\{closure}() /home/ubuntu/workspace/monolist/vendor/laravel/framework/src/Illuminate/View/Middleware/ShareErrorsFromSession.php:49
[01-Feb-2018 19:13:03 Asia/Tokyo] PHP  23. call_user_func_array:{/home/ubuntu/workspace/monolist/vendor/laravel/framework/src/Illuminate/Pipeline/Pipeline.php:124}() /home/ubuntu/workspace/monolist/vendor/laravel/framework/src/Illuminate/Pipeline/Pipeline.php:124
[01-Feb-2018 19:13:03 Asia/Tokyo] PHP  24. Illuminate\Foundation\Http\Middleware\VerifyCsrfToken->handle() /home/ubuntu/workspace/monolist/vendor/laravel/framework/src/Illuminate/Pipeline/Pipeline.php:124
[01-Feb-2018 19:13:03 Asia/Tokyo] PHP  25. Illuminate\Pipeline\Pipeline->Illuminate\Pipeline\{closure}() /home/ubuntu/workspace/monolist/vendor/laravel/framework/src/Illuminate/Foundation/Http/Middleware/VerifyCsrfToken.php:50
[01-Feb-2018 19:13:03 Asia/Tokyo] PHP  26. call_user_func:{/home/ubuntu/workspace/monolist/vendor/laravel/framework/src/Illuminate/Pipeline/Pipeline.php:139}() /home/ubuntu/workspace/monolist/vendor/laravel/framework/src/Illuminate/Pipeline/Pipeline.php:139
[01-Feb-2018 19:13:03 Asia/Tokyo] PHP  27. Illuminate\Foundation\Http\Kernel->Illuminate\Foundation\Http\{closure}() /home/ubuntu/workspace/monolist/vendor/laravel/framework/src/Illuminate/Pipeline/Pipeline.php:139
[01-Feb-2018 19:13:03 Asia/Tokyo] PHP  28. Illuminate\Routing\Router->dispatch() /home/ubuntu/workspace/monolist/vendor/laravel/framework/src/Illuminate/Foundation/Http/Kernel.php:236
[01-Feb-2018 19:13:03 Asia/Tokyo] PHP  29. Illuminate\Routing\Router->dispatchToRoute() /home/ubuntu/workspace/monolist/vendor/laravel/framework/src/Illuminate/Routing/Router.php:635
[01-Feb-2018 19:13:03 Asia/Tokyo] PHP  30. Illuminate\Routing\Router->runRouteWithinStack() /home/ubuntu/workspace/monolist/vendor/laravel/framework/src/Illuminate/Routing/Router.php:675
[01-Feb-2018 19:13:03 Asia/Tokyo] PHP  31. Illuminate\Pipeline\Pipeline->then() /home/ubuntu/workspace/monolist/vendor/laravel/framework/src/Illuminate/Routing/Router.php:710
[01-Feb-2018 19:13:03 Asia/Tokyo] PHP  32. call_user_func:{/home/ubuntu/workspace/monolist/vendor/laravel/framework/src/Illuminate/Pipeline/Pipeline.php:103}() /home/ubuntu/workspace/monolist/vendor/laravel/framework/src/Illuminate/Pipeline/Pipeline.php:103
[01-Feb-2018 19:13:03 Asia/Tokyo] PHP  33. Illuminate\Pipeline\Pipeline->Illuminate\Pipeline\{closure}() /home/ubuntu/workspace/monolist/vendor/laravel/framework/src/Illuminate/Pipeline/Pipeline.php:103
[01-Feb-2018 19:13:03 Asia/Tokyo] PHP  34. call_user_func_array:{/home/ubuntu/workspace/monolist/vendor/laravel/framework/src/Illuminate/Pipeline/Pipeline.php:124}() /home/ubuntu/workspace/monolist/vendor/laravel/framework/src/Illuminate/Pipeline/Pipeline.php:124
[01-Feb-2018 19:13:03 Asia/Tokyo] PHP  35. App\Http\Middleware\Authenticate->handle() /home/ubuntu/workspace/monolist/vendor/laravel/framework/src/Illuminate/Pipeline/Pipeline.php:124
[01-Feb-2018 19:13:03 Asia/Tokyo] PHP  36. Illuminate\Pipeline\Pipeline->Illuminate\Pipeline\{closure}() /home/ubuntu/workspace/monolist/app/Http/Middleware/Authenticate.php:45
[01-Feb-2018 19:13:03 Asia/Tokyo] PHP  37. call_user_func:{/home/ubuntu/workspace/monolist/vendor/laravel/framework/src/Illuminate/Pipeline/Pipeline.php:139}() /home/ubuntu/workspace/monolist/vendor/laravel/framework/src/Illuminate/Pipeline/Pipeline.php:139
[01-Feb-2018 19:13:03 Asia/Tokyo] PHP  38. Illuminate\Routing\Router->Illuminate\Routing\{closure}() /home/ubuntu/workspace/monolist/vendor/laravel/framework/src/Illuminate/Pipeline/Pipeline.php:139
[01-Feb-2018 19:13:03 Asia/Tokyo] PHP  39. Illuminate\Routing\Route->run() /home/ubuntu/workspace/monolist/vendor/laravel/framework/src/Illuminate/Routing/Router.php:708
[01-Feb-2018 19:13:03 Asia/Tokyo] PHP  40. Illuminate\Routing\Route->runWithCustomDispatcher() /home/ubuntu/workspace/monolist/vendor/laravel/framework/src/Illuminate/Routing/Route.php:134
[01-Feb-2018 19:13:03 Asia/Tokyo] PHP  41. Illuminate\Routing\ControllerDispatcher->dispatch() /home/ubuntu/workspace/monolist/vendor/laravel/framework/src/Illuminate/Routing/Route.php:203
[01-Feb-2018 19:13:03 Asia/Tokyo] PHP  42. Illuminate\Routing\ControllerDispatcher->callWithinStack() /home/ubuntu/workspace/monolist/vendor/laravel/framework/src/Illuminate/Routing/ControllerDispatcher.php:69
[01-Feb-2018 19:13:03 Asia/Tokyo] PHP  43. Illuminate\Pipeline\Pipeline->then() /home/ubuntu/workspace/monolist/vendor/laravel/framework/src/Illuminate/Routing/ControllerDispatcher.php:114
[01-Feb-2018 19:13:03 Asia/Tokyo] PHP  44. call_user_func:{/home/ubuntu/workspace/monolist/vendor/laravel/framework/src/Illuminate/Pipeline/Pipeline.php:103}() /home/ubuntu/workspace/monolist/vendor/laravel/framework/src/Illuminate/Pipeline/Pipeline.php:103
[01-Feb-2018 19:13:03 Asia/Tokyo] PHP  45. Illuminate\Pipeline\Pipeline->Illuminate\Pipeline\{closure}() /home/ubuntu/workspace/monolist/vendor/laravel/framework/src/Illuminate/Pipeline/Pipeline.php:103
[01-Feb-2018 19:13:03 Asia/Tokyo] PHP  46. call_user_func:{/home/ubuntu/workspace/monolist/vendor/laravel/framework/src/Illuminate/Pipeline/Pipeline.php:139}() /home/ubuntu/workspace/monolist/vendor/laravel/framework/src/Illuminate/Pipeline/Pipeline.php:139
[01-Feb-2018 19:13:03 Asia/Tokyo] PHP  47. Illuminate\Routing\ControllerDispatcher->Illuminate\Routing\{closure}() /home/ubuntu/workspace/monolist/vendor/laravel/framework/src/Illuminate/Pipeline/Pipeline.php:139
[01-Feb-2018 19:13:03 Asia/Tokyo] PHP  48. Illuminate\Routing\ControllerDispatcher->call() /home/ubuntu/workspace/monolist/vendor/laravel/framework/src/Illuminate/Routing/ControllerDispatcher.php:112
[01-Feb-2018 19:13:03 Asia/Tokyo] PHP  49. Illuminate\Routing\Controller->callAction() /home/ubuntu/workspace/monolist/vendor/laravel/framework/src/Illuminate/Routing/ControllerDispatcher.php:164
[01-Feb-2018 19:13:03 Asia/Tokyo] PHP  50. call_user_func_array:{/home/ubuntu/workspace/monolist/vendor/laravel/framework/src/Illuminate/Routing/Controller.php:256}() /home/ubuntu/workspace/monolist/vendor/laravel/framework/src/Illuminate/Routing/Controller.php:256
[01-Feb-2018 19:13:03 Asia/Tokyo] PHP  51. App\Http\Controllers\ItemUserController->dont_want() /home/ubuntu/workspace/monolist/vendor/laravel/framework/src/Illuminate/Routing/Controller.php:256
[01-Feb-2018 19:13:06 Asia/Tokyo] PHP Fatal error:  Class 'App\Http\Controllers\Item' not found in /home/ubuntu/workspace/monolist/app/Http/Controllers/ItemUserController.php on line 154
[01-Feb-2018 19:13:06 Asia/Tokyo] PHP Stack trace:
[01-Feb-2018 19:13:06 Asia/Tokyo] PHP   1. {main}() /home/ubuntu/workspace/monolist/server.php:0
[01-Feb-2018 19:13:06 Asia/Tokyo] PHP   2. require_once() /home/ubuntu/workspace/monolist/server.php:21
[01-Feb-2018 19:13:06 Asia/Tokyo] PHP   3. Illuminate\Foundation\Http\Kernel->handle() /home/ubuntu/workspace/monolist/public/index.php:54
[01-Feb-2018 19:13:06 Asia/Tokyo] PHP   4. Illuminate\Foundation\Http\Kernel->sendRequestThroughRouter() /home/ubuntu/workspace/monolist/vendor/laravel/framework/src/Illuminate/Foundation/Http/Kernel.php:87
[01-Feb-2018 19:13:06 Asia/Tokyo] PHP   5. Illuminate\Pipeline\Pipeline->then() /home/ubuntu/workspace/monolist/vendor/laravel/framework/src/Illuminate/Foundation/Http/Kernel.php:122
[01-Feb-2018 19:13:06 Asia/Tokyo] PHP   6. call_user_func:{/home/ubuntu/workspace/monolist/vendor/laravel/framework/src/Illuminate/Pipeline/Pipeline.php:103}() /home/ubuntu/workspace/monolist/vendor/laravel/framework/src/Illuminate/Pipeline/Pipeline.php:103
[01-Feb-2018 19:13:06 Asia/Tokyo] PHP   7. Illuminate\Pipeline\Pipeline->Illuminate\Pipeline\{closure}() /home/ubuntu/workspace/monolist/vendor/laravel/framework/src/Illuminate/Pipeline/Pipeline.php:103
[01-Feb-2018 19:13:06 Asia/Tokyo] PHP   8. call_user_func_array:{/home/ubuntu/workspace/monolist/vendor/laravel/framework/src/Illuminate/Pipeline/Pipeline.php:124}() /home/ubuntu/workspace/monolist/vendor/laravel/framework/src/Illuminate/Pipeline/Pipeline.php:124
[01-Feb-2018 19:13:06 Asia/Tokyo] PHP   9. Illuminate\Foundation\Http\Middleware\CheckForMaintenanceMode->handle() /home/ubuntu/workspace/monolist/vendor/laravel/framework/src/Illuminate/Pipeline/Pipeline.php:124
[01-Feb-2018 19:13:06 Asia/Tokyo] PHP  10. Illuminate\Pipeline\Pipeline->Illuminate\Pipeline\{closure}() /home/ubuntu/workspace/monolist/vendor/laravel/framework/src/Illuminate/Foundation/Http/Middleware/CheckForMaintenanceMode.php:44
[01-Feb-2018 19:13:06 Asia/Tokyo] PHP  11. call_user_func_array:{/home/ubuntu/workspace/monolist/vendor/laravel/framework/src/Illuminate/Pipeline/Pipeline.php:124}() /home/ubuntu/workspace/monolist/vendor/laravel/framework/src/Illuminate/Pipeline/Pipeline.php:124
[01-Feb-2018 19:13:06 Asia/Tokyo] PHP  12. Illuminate\Cookie\Middleware\EncryptCookies->handle() /home/ubuntu/workspace/monolist/vendor/laravel/framework/src/Illuminate/Pipeline/Pipeline.php:124
[01-Feb-2018 19:13:06 Asia/Tokyo] PHP  13. Illuminate\Pipeline\Pipeline->Illuminate\Pipeline\{closure}() /home/ubuntu/workspace/monolist/vendor/laravel/framework/src/Illuminate/Cookie/Middleware/EncryptCookies.php:59
[01-Feb-2018 19:13:06 Asia/Tokyo] PHP  14. call_user_func_array:{/home/ubuntu/workspace/monolist/vendor/laravel/framework/src/Illuminate/Pipeline/Pipeline.php:124}() /home/ubuntu/workspace/monolist/vendor/laravel/framework/src/Illuminate/Pipeline/Pipeline.php:124
[01-Feb-2018 19:13:06 Asia/Tokyo] PHP  15. Illuminate\Cookie\Middleware\AddQueuedCookiesToResponse->handle() /home/ubuntu/workspace/monolist/vendor/laravel/framework/src/Illuminate/Pipeline/Pipeline.php:124
[01-Feb-2018 19:13:06 Asia/Tokyo] PHP  16. Illuminate\Pipeline\Pipeline->Illuminate\Pipeline\{closure}() /home/ubuntu/workspace/monolist/vendor/laravel/framework/src/Illuminate/Cookie/Middleware/AddQueuedCookiesToResponse.php:37
[01-Feb-2018 19:13:06 Asia/Tokyo] PHP  17. call_user_func_array:{/home/ubuntu/workspace/monolist/vendor/laravel/framework/src/Illuminate/Pipeline/Pipeline.php:124}() /home/ubuntu/workspace/monolist/vendor/laravel/framework/src/Illuminate/Pipeline/Pipeline.php:124
[01-Feb-2018 19:13:06 Asia/Tokyo] PHP  18. Illuminate\Session\Middleware\StartSession->handle() /home/ubuntu/workspace/monolist/vendor/laravel/framework/src/Illuminate/Pipeline/Pipeline.php:124
[01-Feb-2018 19:13:06 Asia/Tokyo] PHP  19. Illuminate\Pipeline\Pipeline->Illuminate\Pipeline\{closure}() /home/ubuntu/workspace/monolist/vendor/laravel/framework/src/Illuminate/Session/Middleware/StartSession.php:62
[01-Feb-2018 19:13:06 Asia/Tokyo] PHP  20. call_user_func_array:{/home/ubuntu/workspace/monolist/vendor/laravel/framework/src/Illuminate/Pipeline/Pipeline.php:124}() /home/ubuntu/workspace/monolist/vendor/laravel/framework/src/Illuminate/Pipeline/Pipeline.php:124
[01-Feb-2018 19:13:06 Asia/Tokyo] PHP  21. Illuminate\View\Middleware\ShareErrorsFromSession->handle() /home/ubuntu/workspace/monolist/vendor/laravel/framework/src/Illuminate/Pipeline/Pipeline.php:124
[01-Feb-2018 19:13:06 Asia/Tokyo] PHP  22. Illuminate\Pipeline\Pipeline->Illuminate\Pipeline\{closure}() /home/ubuntu/workspace/monolist/vendor/laravel/framework/src/Illuminate/View/Middleware/ShareErrorsFromSession.php:49
[01-Feb-2018 19:13:06 Asia/Tokyo] PHP  23. call_user_func_array:{/home/ubuntu/workspace/monolist/vendor/laravel/framework/src/Illuminate/Pipeline/Pipeline.php:124}() /home/ubuntu/workspace/monolist/vendor/laravel/framework/src/Illuminate/Pipeline/Pipeline.php:124
[01-Feb-2018 19:13:06 Asia/Tokyo] PHP  24. Illuminate\Foundation\Http\Middleware\VerifyCsrfToken->handle() /home/ubuntu/workspace/monolist/vendor/laravel/framework/src/Illuminate/Pipeline/Pipeline.php:124
[01-Feb-2018 19:13:06 Asia/Tokyo] PHP  25. Illuminate\Pipeline\Pipeline->Illuminate\Pipeline\{closure}() /home/ubuntu/workspace/monolist/vendor/laravel/framework/src/Illuminate/Foundation/Http/Middleware/VerifyCsrfToken.php:50
[01-Feb-2018 19:13:06 Asia/Tokyo] PHP  26. call_user_func:{/home/ubuntu/workspace/monolist/vendor/laravel/framework/src/Illuminate/Pipeline/Pipeline.php:139}() /home/ubuntu/workspace/monolist/vendor/laravel/framework/src/Illuminate/Pipeline/Pipeline.php:139
[01-Feb-2018 19:13:06 Asia/Tokyo] PHP  27. Illuminate\Foundation\Http\Kernel->Illuminate\Foundation\Http\{closure}() /home/ubuntu/workspace/monolist/vendor/laravel/framework/src/Illuminate/Pipeline/Pipeline.php:139
[01-Feb-2018 19:13:06 Asia/Tokyo] PHP  28. Illuminate\Routing\Router->dispatch() /home/ubuntu/workspace/monolist/vendor/laravel/framework/src/Illuminate/Foundation/Http/Kernel.php:236
[01-Feb-2018 19:13:06 Asia/Tokyo] PHP  29. Illuminate\Routing\Router->dispatchToRoute() /home/ubuntu/workspace/monolist/vendor/laravel/framework/src/Illuminate/Routing/Router.php:635
[01-Feb-2018 19:13:06 Asia/Tokyo] PHP  30. Illuminate\Routing\Router->runRouteWithinStack() /home/ubuntu/workspace/monolist/vendor/laravel/framework/src/Illuminate/Routing/Router.php:675
[01-Feb-2018 19:13:06 Asia/Tokyo] PHP  31. Illuminate\Pipeline\Pipeline->then() /home/ubuntu/workspace/monolist/vendor/laravel/framework/src/Illuminate/Routing/Router.php:710
[01-Feb-2018 19:13:06 Asia/Tokyo] PHP  32. call_user_func:{/home/ubuntu/workspace/monolist/vendor/laravel/framework/src/Illuminate/Pipeline/Pipeline.php:103}() /home/ubuntu/workspace/monolist/vendor/laravel/framework/src/Illuminate/Pipeline/Pipeline.php:103
[01-Feb-2018 19:13:06 Asia/Tokyo] PHP  33. Illuminate\Pipeline\Pipeline->Illuminate\Pipeline\{closure}() /home/ubuntu/workspace/monolist/vendor/laravel/framework/src/Illuminate/Pipeline/Pipeline.php:103
[01-Feb-2018 19:13:06 Asia/Tokyo] PHP  34. call_user_func_array:{/home/ubuntu/workspace/monolist/vendor/laravel/framework/src/Illuminate/Pipeline/Pipeline.php:124}() /home/ubuntu/workspace/monolist/vendor/laravel/framework/src/Illuminate/Pipeline/Pipeline.php:124
[01-Feb-2018 19:13:06 Asia/Tokyo] PHP  35. App\Http\Middleware\Authenticate->handle() /home/ubuntu/workspace/monolist/vendor/laravel/framework/src/Illuminate/Pipeline/Pipeline.php:124
[01-Feb-2018 19:13:06 Asia/Tokyo] PHP  36. Illuminate\Pipeline\Pipeline->Illuminate\Pipeline\{closure}() /home/ubuntu/workspace/monolist/app/Http/Middleware/Authenticate.php:45
[01-Feb-2018 19:13:06 Asia/Tokyo] PHP  37. call_user_func:{/home/ubuntu/workspace/monolist/vendor/laravel/framework/src/Illuminate/Pipeline/Pipeline.php:139}() /home/ubuntu/workspace/monolist/vendor/laravel/framework/src/Illuminate/Pipeline/Pipeline.php:139
[01-Feb-2018 19:13:06 Asia/Tokyo] PHP  38. Illuminate\Routing\Router->Illuminate\Routing\{closure}() /home/ubuntu/workspace/monolist/vendor/laravel/framework/src/Illuminate/Pipeline/Pipeline.php:139
[01-Feb-2018 19:13:06 Asia/Tokyo] PHP  39. Illuminate\Routing\Route->run() /home/ubuntu/workspace/monolist/vendor/laravel/framework/src/Illuminate/Routing/Router.php:708
[01-Feb-2018 19:13:06 Asia/Tokyo] PHP  40. Illuminate\Routing\Route->runWithCustomDispatcher() /home/ubuntu/workspace/monolist/vendor/laravel/framework/src/Illuminate/Routing/Route.php:134
[01-Feb-2018 19:13:06 Asia/Tokyo] PHP  41. Illuminate\Routing\ControllerDispatcher->dispatch() /home/ubuntu/workspace/monolist/vendor/laravel/framework/src/Illuminate/Routing/Route.php:203
[01-Feb-2018 19:13:06 Asia/Tokyo] PHP  42. Illuminate\Routing\ControllerDispatcher->callWithinStack() /home/ubuntu/workspace/monolist/vendor/laravel/framework/src/Illuminate/Routing/ControllerDispatcher.php:69
[01-Feb-2018 19:13:06 Asia/Tokyo] PHP  43. Illuminate\Pipeline\Pipeline->then() /home/ubuntu/workspace/monolist/vendor/laravel/framework/src/Illuminate/Routing/ControllerDispatcher.php:114
[01-Feb-2018 19:13:06 Asia/Tokyo] PHP  44. call_user_func:{/home/ubuntu/workspace/monolist/vendor/laravel/framework/src/Illuminate/Pipeline/Pipeline.php:103}() /home/ubuntu/workspace/monolist/vendor/laravel/framework/src/Illuminate/Pipeline/Pipeline.php:103
[01-Feb-2018 19:13:06 Asia/Tokyo] PHP  45. Illuminate\Pipeline\Pipeline->Illuminate\Pipeline\{closure}() /home/ubuntu/workspace/monolist/vendor/laravel/framework/src/Illuminate/Pipeline/Pipeline.php:103
[01-Feb-2018 19:13:06 Asia/Tokyo] PHP  46. call_user_func:{/home/ubuntu/workspace/monolist/vendor/laravel/framework/src/Illuminate/Pipeline/Pipeline.php:139}() /home/ubuntu/workspace/monolist/vendor/laravel/framework/src/Illuminate/Pipeline/Pipeline.php:139
[01-Feb-2018 19:13:06 Asia/Tokyo] PHP  47. Illuminate\Routing\ControllerDispatcher->Illuminate\Routing\{closure}() /home/ubuntu/workspace/monolist/vendor/laravel/framework/src/Illuminate/Pipeline/Pipeline.php:139
[01-Feb-2018 19:13:06 Asia/Tokyo] PHP  48. Illuminate\Routing\ControllerDispatcher->call() /home/ubuntu/workspace/monolist/vendor/laravel/framework/src/Illuminate/Routing/ControllerDispatcher.php:112
[01-Feb-2018 19:13:06 Asia/Tokyo] PHP  49. Illuminate\Routing\Controller->callAction() /home/ubuntu/workspace/monolist/vendor/laravel/framework/src/Illuminate/Routing/ControllerDispatcher.php:164
[01-Feb-2018 19:13:06 Asia/Tokyo] PHP  50. call_user_func_array:{/home/ubuntu/workspace/monolist/vendor/laravel/framework/src/Illuminate/Routing/Controller.php:256}() /home/ubuntu/workspace/monolist/vendor/laravel/framework/src/Illuminate/Routing/Controller.php:256
[01-Feb-2018 19:13:06 Asia/Tokyo] PHP  51. App\Http\Controllers\ItemUserController->dont_have() /home/ubuntu/workspace/monolist/vendor/laravel/framework/src/Illuminate/Routing/Controller.php:256
